2025-01-24 14:28:05.182 [main] DEBUG org.apache.poi.openxml4j.opc.PackageRelationshipCollection - Parsing relationship: /_rels/.rels
2025-01-24 14:28:05.199 [main] DEBUG org.apache.poi.openxml4j.opc.PackageRelationshipCollection - Parsing relationship: /xl/_rels/workbook.xml.rels
2025-01-24 14:28:05.200 [main] DEBUG org.apache.poi.openxml4j.opc.PackageRelationshipCollection - Parsing relationship: /xl/worksheets/_rels/sheet1.xml.rels
2025-01-24 14:28:05.200 [main] DEBUG org.apache.poi.openxml4j.opc.PackageRelationshipCollection - Parsing relationship: /_rels/.rels
2025-01-24 14:28:05.217 [main] DEBUG org.apache.poi.openxml4j.opc.PackageRelationshipCollection - Parsing relationship: /xl/_rels/workbook.xml.rels
2025-01-24 14:28:05.220 [main] DEBUG org.apache.poi.openxml4j.opc.PackageRelationshipCollection - Parsing relationship: /xl/worksheets/_rels/sheet1.xml.rels
2025-01-24 14:28:05.221 [main] DEBUG org.apache.poi.openxml4j.opc.PackageRelationshipCollection - Parsing relationship: /_rels/.rels
2025-01-24 14:28:05.237 [main] DEBUG org.apache.poi.openxml4j.opc.PackageRelationshipCollection - Parsing relationship: /xl/_rels/workbook.xml.rels
2025-01-24 14:28:05.237 [main] DEBUG org.apache.poi.openxml4j.opc.PackageRelationshipCollection - Parsing relationship: /xl/worksheets/_rels/sheet1.xml.rels
2025-01-24 14:28:05.238 [main] DEBUG org.apache.poi.openxml4j.opc.PackageRelationshipCollection - Parsing relationship: /_rels/.rels
2025-01-24 14:28:05.252 [main] DEBUG org.apache.poi.openxml4j.opc.PackageRelationshipCollection - Parsing relationship: /xl/_rels/workbook.xml.rels
2025-01-24 14:28:05.253 [main] DEBUG org.apache.poi.openxml4j.opc.PackageRelationshipCollection - Parsing relationship: /xl/worksheets/_rels/sheet1.xml.rels
2025-01-24 14:28:05.253 [main] DEBUG org.apache.poi.openxml4j.opc.PackageRelationshipCollection - Parsing relationship: /_rels/.rels
2025-01-24 14:28:05.268 [main] DEBUG org.apache.poi.openxml4j.opc.PackageRelationshipCollection - Parsing relationship: /xl/_rels/workbook.xml.rels
2025-01-24 14:28:05.268 [main] DEBUG org.apache.poi.openxml4j.opc.PackageRelationshipCollection - Parsing relationship: /xl/worksheets/_rels/sheet1.xml.rels
2025-01-24 14:28:05.269 [main] DEBUG org.apache.poi.openxml4j.opc.PackageRelationshipCollection - Parsing relationship: /_rels/.rels
2025-01-24 14:28:05.303 [main] INFO  testCases.TC003_LoginDDT - ************ Starting TC003_LoginDDT *****************
2025-01-24 14:28:06.918 [main] INFO  testCases.TC003_LoginDDT - ************Finished TC003_LoginDDT *****************
2025-01-24 14:28:06.941 [main] INFO  testCases.TC003_LoginDDT - ************ Starting TC003_LoginDDT *****************
2025-01-24 14:28:17.930 [main] INFO  testCases.TC003_LoginDDT - ************Finished TC003_LoginDDT *****************
2025-01-24 14:28:17.934 [main] INFO  testCases.TC003_LoginDDT - ************ Starting TC003_LoginDDT *****************
2025-01-24 14:28:28.818 [main] INFO  testCases.TC003_LoginDDT - ************Finished TC003_LoginDDT *****************
2025-01-24 14:28:28.821 [main] INFO  testCases.TC003_LoginDDT - ************ Starting TC003_LoginDDT *****************
2025-01-24 14:28:39.837 [main] INFO  testCases.TC003_LoginDDT - ************Finished TC003_LoginDDT *****************
2025-01-24 14:28:39.841 [main] INFO  testCases.TC003_LoginDDT - ************ Starting TC003_LoginDDT *****************
2025-01-24 14:28:50.819 [main] INFO  testCases.TC003_LoginDDT - ************Finished TC003_LoginDDT *****************
2025-01-24 14:29:27.071 [main] DEBUG org.testng.TestNG - suiteXmlPath: "D:\Automation Testing\Eclipse_workspace\OpenCart\master.xml"
2025-01-24 14:29:27.340 [main] INFO  org.testng.internal.Utils - [TestNG] Running:
  D:\Automation Testing\Eclipse_workspace\OpenCart\master.xml

2025-01-24 14:29:30.944 [main] INFO  testCases.TC001_AccountRegistrationTest - ********** Starting TC001_AccountRegistrationTest ************
2025-01-24 14:29:31.058 [main] INFO  testCases.TC001_AccountRegistrationTest - Clicked on MyAccount Link
2025-01-24 14:29:31.411 [main] INFO  testCases.TC001_AccountRegistrationTest - Clicked on Register Link
2025-01-24 14:29:31.414 [main] INFO  testCases.TC001_AccountRegistrationTest - Providing Customer Details
2025-01-24 14:29:32.767 [main] INFO  testCases.TC001_AccountRegistrationTest - Validating expected message
2025-01-24 14:29:33.096 [main] INFO  testCases.TC001_AccountRegistrationTest - ********** Finished TC001_AccountRegistrationTest ************
2025-01-24 14:29:34.963 [main] INFO  testCases.TC002_AccountLoginTest - ********** Starting TC002_AccountLoginTest **************
2025-01-24 14:29:36.787 [main] INFO  testCases.TC002_AccountLoginTest - ***** Finished TC002_AccountLoginTest ********* 
2025-01-24 14:31:13.613 [main] DEBUG org.testng.TestNG - suiteXmlPath: "D:\Automation Testing\Eclipse_workspace\OpenCart\master.xml"
2025-01-24 14:31:13.923 [main] INFO  org.testng.internal.Utils - [TestNG] Running:
  D:\Automation Testing\Eclipse_workspace\OpenCart\master.xml

