2025-01-22 16:11:16.416 [main] INFO  testCases.TC001_AccountRegistrationTest - Validating expected message
2025-01-22 16:11:16.669 [main] INFO  testCases.TC001_AccountRegistrationTest - ********** Finished TC001_AccountRegistrationTest ************
2025-01-22 16:11:16.764 [main] INFO  testCases.TC001_AccountRegistrationTest - ********** Finished TC001_AccountRegistrationTest ************
2025-01-22 19:12:32.163 [main] DEBUG org.testng.TestNG - suiteXmlPath: "D:\Automation Testing\Eclipse_workspace\OpenCart\master.xml"
2025-01-22 19:12:32.430 [main] INFO  org.testng.internal.Utils - [TestNG] Running:
  D:\Automation Testing\Eclipse_workspace\OpenCart\master.xml

2025-01-22 19:12:36.951 [main] INFO  testCases.TC001_AccountRegistrationTest - ********** Starting TC001_AccountRegistrationTest ************
2025-01-22 19:12:37.717 [main] INFO  testCases.TC001_AccountRegistrationTest - Clicked on MyAccount Link
2025-01-22 19:12:38.089 [main] INFO  testCases.TC001_AccountRegistrationTest - Clicked on Register Link
2025-01-22 19:12:38.192 [main] INFO  testCases.TC001_AccountRegistrationTest - Providing Customer Details
2025-01-22 19:12:39.593 [main] INFO  testCases.TC001_AccountRegistrationTest - Validating expected message
2025-01-22 19:12:39.875 [main] INFO  testCases.TC001_AccountRegistrationTest - ********** Finished TC001_AccountRegistrationTest ************
2025-01-22 19:12:43.522 [main] INFO  testCases.TC001_AccountRegistrationTest - ********** Starting TC001_AccountRegistrationTest ************
2025-01-22 19:12:44.516 [main] INFO  testCases.TC001_AccountRegistrationTest - Clicked on MyAccount Link
2025-01-22 19:12:44.958 [main] INFO  testCases.TC001_AccountRegistrationTest - Clicked on Register Link
2025-01-22 19:12:44.959 [main] INFO  testCases.TC001_AccountRegistrationTest - Providing Customer Details
2025-01-22 19:12:46.269 [main] INFO  testCases.TC001_AccountRegistrationTest - Validating expected message
2025-01-22 19:12:56.296 [main] ERROR testCases.TC001_AccountRegistrationTest - Test failed..
2025-01-22 19:12:56.296 [main] DEBUG testCases.TC001_AccountRegistrationTest - Debug logs..
2025-01-22 19:13:36.581 [main] INFO  testCases.TC001_AccountRegistrationTest - ********** Starting TC001_AccountRegistrationTest ************
2025-01-22 19:13:37.309 [main] INFO  testCases.TC001_AccountRegistrationTest - Clicked on MyAccount Link
2025-01-22 19:13:37.665 [main] INFO  testCases.TC001_AccountRegistrationTest - Clicked on Register Link
2025-01-22 19:13:37.666 [main] INFO  testCases.TC001_AccountRegistrationTest - Providing Customer Details
2025-01-22 19:13:38.939 [main] INFO  testCases.TC001_AccountRegistrationTest - Validating expected message
2025-01-22 19:13:39.214 [main] INFO  testCases.TC001_AccountRegistrationTest - ********** Finished TC001_AccountRegistrationTest ************
2025-01-22 19:15:37.354 [main] DEBUG org.testng.TestNG - suiteXmlPath: "D:\Automation Testing\Eclipse_workspace\OpenCart\master.xml"
2025-01-22 19:15:37.594 [main] INFO  org.testng.internal.Utils - [TestNG] Running:
  D:\Automation Testing\Eclipse_workspace\OpenCart\master.xml

2025-01-22 19:15:41.262 [main] INFO  testCases.TC001_AccountRegistrationTest - ********** Starting TC001_AccountRegistrationTest ************
2025-01-22 19:15:41.961 [main] INFO  testCases.TC001_AccountRegistrationTest - Clicked on MyAccount Link
2025-01-22 19:15:42.353 [main] INFO  testCases.TC001_AccountRegistrationTest - Clicked on Register Link
2025-01-22 19:15:42.357 [main] INFO  testCases.TC001_AccountRegistrationTest - Providing Customer Details
2025-01-22 19:15:43.725 [main] INFO  testCases.TC001_AccountRegistrationTest - Validating expected message
2025-01-22 19:15:43.986 [main] INFO  testCases.TC001_AccountRegistrationTest - ********** Finished TC001_AccountRegistrationTest ************
2025-01-22 19:15:48.559 [main] INFO  testCases.TC001_AccountRegistrationTest - ********** Starting TC001_AccountRegistrationTest ************
2025-01-22 19:15:49.580 [main] INFO  testCases.TC001_AccountRegistrationTest - Clicked on MyAccount Link
2025-01-22 19:15:49.974 [main] INFO  testCases.TC001_AccountRegistrationTest - Clicked on Register Link
2025-01-22 19:15:49.975 [main] INFO  testCases.TC001_AccountRegistrationTest - Providing Customer Details
2025-01-22 19:15:51.637 [main] INFO  testCases.TC001_AccountRegistrationTest - Validating expected message
2025-01-22 19:15:51.968 [main] INFO  testCases.TC001_AccountRegistrationTest - ********** Finished TC001_AccountRegistrationTest ************
2025-01-22 19:20:34.186 [main] DEBUG org.testng.TestNG - suiteXmlPath: "D:\Automation Testing\Eclipse_workspace\OpenCart\crossbrowsertesting.xml"
2025-01-22 19:20:34.450 [main] INFO  org.testng.internal.Utils - [TestNG] Running:
  D:\Automation Testing\Eclipse_workspace\OpenCart\crossbrowsertesting.xml

2025-01-22 19:20:39.011 [TestNG-tests-1] INFO  testCases.TC001_AccountRegistrationTest - ********** Starting TC001_AccountRegistrationTest ************
