2025-01-27 13:32:54.418 [main] INFO  org.testng.internal.Utils - [TestNG] Running:
  D:\Automation Testing\Eclipse_workspace\OpenCart\master.xml

2025-01-27 13:40:01.469 [main] DEBUG org.testng.TestNG - suiteXmlPath: "D:\Automation Testing\Eclipse_workspace\OpenCart\master.xml"
2025-01-27 13:40:01.759 [main] INFO  org.testng.internal.Utils - [TestNG] Running:
  D:\Automation Testing\Eclipse_workspace\OpenCart\master.xml

2025-01-27 13:40:40.202 [main] DEBUG org.testng.TestNG - suiteXmlPath: "D:\Automation Testing\Eclipse_workspace\OpenCart\grid-docker.xml"
2025-01-27 13:40:40.482 [main] INFO  org.testng.internal.Utils - [TestNG] Running:
  D:\Automation Testing\Eclipse_workspace\OpenCart\grid-docker.xml

2025-01-27 13:40:40.861 [main] INFO  testCases.TC001_AccountRegistrationTest - ********** Starting TC001_AccountRegistrationTest ************
2025-01-27 13:45:55.103 [main] DEBUG org.testng.TestNG - suiteXmlPath: "D:\Automation Testing\Eclipse_workspace\OpenCart\grid-docker.xml"
2025-01-27 13:45:55.388 [main] INFO  org.testng.internal.Utils - [TestNG] Running:
  D:\Automation Testing\Eclipse_workspace\OpenCart\grid-docker.xml

2025-01-27 13:45:55.620 [main] INFO  testCases.TC001_AccountRegistrationTest - ********** Starting TC001_AccountRegistrationTest ************
2025-01-27 14:37:13.838 [main] DEBUG org.testng.TestNG - suiteXmlPath: "D:\Automation Testing\Eclipse_workspace\OpenCart\grid-docker.xml"
2025-01-27 14:37:14.109 [main] INFO  org.testng.internal.Utils - [TestNG] Running:
  D:\Automation Testing\Eclipse_workspace\OpenCart\grid-docker.xml

2025-01-27 14:37:14.413 [main] INFO  testCases.TC001_AccountRegistrationTest - ********** Starting TC001_AccountRegistrationTest ************
2025-01-27 14:47:31.494 [main] DEBUG org.testng.TestNG - suiteXmlPath: "D:\Automation Testing\Eclipse_workspace\OpenCart\grid-docker.xml"
2025-01-27 14:47:31.774 [main] INFO  org.testng.internal.Utils - [TestNG] Running:
  D:\Automation Testing\Eclipse_workspace\OpenCart\grid-docker.xml

2025-01-27 14:58:24.232 [main] DEBUG org.testng.TestNG - suiteXmlPath: "D:\Automation Testing\Eclipse_workspace\OpenCart\grid-docker.xml"
2025-01-27 14:58:24.500 [main] INFO  org.testng.internal.Utils - [TestNG] Running:
  D:\Automation Testing\Eclipse_workspace\OpenCart\grid-docker.xml

2025-01-27 15:28:22.314 [main] DEBUG org.testng.TestNG - suiteXmlPath: "D:\Automation Testing\Eclipse_workspace\OpenCart\grid-docker.xml"
2025-01-27 15:28:22.618 [main] INFO  org.testng.internal.Utils - [TestNG] Running:
  D:\Automation Testing\Eclipse_workspace\OpenCart\grid-docker.xml

2025-01-27 15:32:23.973 [main] DEBUG org.testng.TestNG - suiteXmlPath: "D:\Automation Testing\Eclipse_workspace\OpenCart\grid-docker.xml"
2025-01-27 15:32:24.295 [main] INFO  org.testng.internal.Utils - [TestNG] Running:
  D:\Automation Testing\Eclipse_workspace\OpenCart\grid-docker.xml

2025-01-28 10:40:01.206 [main] DEBUG org.testng.TestNG - suiteXmlPath: "D:\Automation Testing\Eclipse_workspace\OpenCart\grid-docker.xml"
2025-01-28 10:40:01.496 [main] INFO  org.testng.internal.Utils - [TestNG] Running:
  D:\Automation Testing\Eclipse_workspace\OpenCart\grid-docker.xml

2025-01-28 10:56:41.339 [main] DEBUG org.testng.TestNG - suiteXmlPath: "D:\Automation Testing\Eclipse_workspace\OpenCart\grid-docker.xml"
2025-01-28 10:56:41.634 [main] INFO  org.testng.internal.Utils - [TestNG] Running:
  D:\Automation Testing\Eclipse_workspace\OpenCart\grid-docker.xml

2025-01-28 11:01:46.359 [main] DEBUG org.testng.TestNG - suiteXmlPath: "D:\Automation Testing\Eclipse_workspace\OpenCart\grid-docker.xml"
2025-01-28 11:01:46.656 [main] INFO  org.testng.internal.Utils - [TestNG] Running:
  D:\Automation Testing\Eclipse_workspace\OpenCart\grid-docker.xml

2025-01-28 11:10:50.100 [main] DEBUG org.testng.TestNG - suiteXmlPath: "D:\Automation Testing\Eclipse_workspace\OpenCart\grid-docker.xml"
2025-01-28 11:10:50.377 [main] INFO  org.testng.internal.Utils - [TestNG] Running:
  D:\Automation Testing\Eclipse_workspace\OpenCart\grid-docker.xml

2025-01-28 11:10:53.588 [main] INFO  testCases.TC001_AccountRegistrationTest - ********** Starting TC001_AccountRegistrationTest ************
2025-01-28 11:10:54.322 [main] INFO  testCases.TC001_AccountRegistrationTest - Clicked on MyAccount Link
2025-01-28 11:10:54.762 [main] INFO  testCases.TC001_AccountRegistrationTest - Clicked on Register Link
2025-01-28 11:10:54.793 [main] INFO  testCases.TC001_AccountRegistrationTest - Providing Customer Details
2025-01-28 11:10:56.416 [main] INFO  testCases.TC001_AccountRegistrationTest - Validating expected message
2025-01-28 11:10:56.719 [main] INFO  testCases.TC001_AccountRegistrationTest - ********** Finished TC001_AccountRegistrationTest ************
2025-01-28 11:10:58.873 [main] INFO  testCases.TC002_AccountLoginTest - ********** Starting TC002_AccountLoginTest **************
2025-01-28 11:11:00.835 [main] INFO  testCases.TC002_AccountLoginTest - ***** Finished TC002_AccountLoginTest ********* 
